commit b86605e61d52d27d15c3d50c8522d83de41fec88
Author: venyao <ywhzau@gmail.com>
Date:   Wed Feb 5 20:19:34 2020 +0800

    OsHOS1

commit a000bd478130a0a329c1256728787f1f6bdb21f8
Author: venyao <ywhzau@gmail.com>
Date:   Wed Feb 5 20:16:19 2020 +0800

    add new pub.

commit 549e75d270f212cc4afa9c11631e596fdafe39d7
Author: venyao <ywhzau@gmail.com>
Date:   Wed Feb 5 20:14:02 2020 +0800

    add new pub.

commit acda7e8bd4e965523a675da5b46350f32e878ddd
Author: venyao <ywhzau@gmail.com>
Date:   Wed Feb 5 20:13:12 2020 +0800

    add new pub.

commit 792aaa9cfd736ea7174ecb53f19250d2e86527a6
Author: venyao <ywhzau@gmail.com>
Date:   Wed Feb 5 20:10:32 2020 +0800

    add new info for gene: OsMED25

commit 6314ae4e72d3fa67ed5a88c9418d744e4ea88ddd
Author: venyao <ywhzau@gmail.com>
Date:   Wed Feb 5 20:10:29 2020 +0800

    add new pub.

commit 72cd576b933f67ca45ac75591c82cc445afbaf92
Author: venyao <ywhzau@gmail.com>
Date:   Wed Feb 5 20:10:20 2020 +0800

    add new gene: OsMED25

commit 1c0014e607a59d7e96430a0f2c6a78a06447dcd9
Author: venyao <ywhzau@gmail.com>
Date:   Wed Feb 5 20:07:10 2020 +0800

    add new info for gene: OsNRAMP5

commit 8163c8937fad293ec232259fa6e8971174ef809b
Author: venyao <ywhzau@gmail.com>
Date:   Wed Feb 5 20:07:08 2020 +0800

    add new pub.

commit 15e7356338623ac113bf80c2499831c6d0727549
Author: venyao <ywhzau@gmail.com>
Date:   Wed Feb 5 20:06:38 2020 +0800

    add new keywords for OsALDH2b

commit 61df693de9d8daeebc3a3c41a542a77fc645f2c0
Author: venyao <ywhzau@gmail.com>
Date:   Wed Feb 5 20:06:27 2020 +0800

    add new keywords for OsALDH2b

commit 6125dd613f01cc99766d43dca5aeb52fbd358c2e
Author: venyao <ywhzau@gmail.com>
Date:   Wed Feb 5 20:06:19 2020 +0800

    add new keywords for OsALDH2b

commit e89e76c66264a40b463d5a91c17018660f5e683d
Author: venyao <ywhzau@gmail.com>
Date:   Wed Feb 5 20:05:50 2020 +0800

    add new keywords for OsALDH2b

commit 28233e14d4cb290462ab8048de514724dafc80a0
Author: venyao <ywhzau@gmail.com>
Date:   Wed Feb 5 20:05:31 2020 +0800

    add new keywords for OsALDH2b

commit fa81e91e522d3936174f54e8984ee045e8c87682
Author: venyao <ywhzau@gmail.com>
Date:   Wed Feb 5 20:04:59 2020 +0800

    OsALDH2b == OsALDH2B1 == ALDH2b

commit 5804d8bb2858afc9ce421857c067c13324fc3102
Author: venyao <ywhzau@gmail.com>
Date:   Wed Feb 5 20:04:01 2020 +0800

    add new pub.

commit 4177bf8aeee82fbea1a7fcba885a1f76c003a4f1
Author: venyao <ywhzau@gmail.com>
Date:   Wed Feb 5 20:02:37 2020 +0800

    add new pub.

commit e1660b7bc2feefc68bb979e775650a20c1175c9f
Author: venyao <ywhzau@gmail.com>
Date:   Wed Feb 5 20:02:22 2020 +0800

    add new pub.

commit b0e61f6fc719cf4d9bc84059014aded28780a6ab
Author: venyao <ywhzau@gmail.com>
Date:   Wed Feb 5 20:02:05 2020 +0800

    add new pub.

commit 041967633ce1e13e27b29def6182bf50678680b8
Author: venyao <ywhzau@gmail.com>
Date:   Wed Feb 5 19:56:56 2020 +0800

    add new pub.

commit f5f9c4c10f4621d1de263032c57d7d0667ee461b
Author: venyao <ywhzau@gmail.com>
Date:   Wed Feb 5 19:52:27 2020 +0800

    add new pub.

commit b61bf9eaf62f9d1d7b41edbfdda01ff2d8d1a8ed
Author: venyao <ywhzau@gmail.com>
Date:   Wed Feb 5 19:02:46 2020 +0800

    add new keywords for BOC1

commit c381fbda75c478ee1e97a8226ab9d9f8dc2c8611
Author: venyao <ywhzau@gmail.com>
Date:   Wed Feb 5 19:02:32 2020 +0800

    add new keywords for BOC1

commit 38b3b32e80e0a473d9c3968924fef4584fc4f7b2
Author: venyao <ywhzau@gmail.com>
Date:   Wed Feb 5 19:01:29 2020 +0800

    add new info for gene: BOC1

commit 254f1f692563ba5d462adb271d58ece5b8fcdd62
Author: venyao <ywhzau@gmail.com>
Date:   Wed Feb 5 19:01:27 2020 +0800

    add new pub.

commit c3064ba8304c3e814a1d1fbddd49e0b7cdcc7cfa
Author: venyao <ywhzau@gmail.com>
Date:   Wed Feb 5 19:01:00 2020 +0800

    OsSRO1c == BOC1

commit 51687f2bb67fcc65c97227b03f482723aec20d96
Author: venyao <ywhzau@gmail.com>
Date:   Wed Feb 5 19:00:05 2020 +0800

    add new info for gene: OsUGT90A1

commit c36963d83863c440b2c89e13d3497743e13de61c
Author: venyao <ywhzau@gmail.com>
Date:   Wed Feb 5 19:00:02 2020 +0800

    add new pub.

commit 43992faba005764b9ba668a6020ea8852728a3bb
Author: venyao <ywhzau@gmail.com>
Date:   Wed Feb 5 18:59:53 2020 +0800

    add new gene: OsUGT90A1

commit c53316c1d80954668a7b6babb56dbbc1393c2c8b
Author: venyao <ywhzau@gmail.com>
Date:   Wed Feb 5 18:58:04 2020 +0800

    add new pub.

commit 86c2f3964fbeef2c4498d4ad1858c48caeadf122
Author: venyao <ywhzau@gmail.com>
Date:   Wed Feb 5 18:55:06 2020 +0800

    add new pub.

commit d27156b89b21b923ff35d15c80cac541439b93e4
Author: venyao <ywhzau@gmail.com>
Date:   Wed Feb 5 18:45:47 2020 +0800

    add new info for gene: Xa4

commit c0f70545eb9bf49668b1ea5a146ae23a09dbcfa7
Author: venyao <ywhzau@gmail.com>
Date:   Wed Feb 5 18:45:45 2020 +0800

    add new pub.

commit 4d63b8ff6bd7b67fdcea1979f6e25e883d267a95
Author: venyao <ywhzau@gmail.com>
Date:   Wed Feb 5 18:42:47 2020 +0800

    add new connections between OsRR21 and MHZ1

commit 8dc491b1459d5461db3f062fc42e8ce6c4db3d65
Author: venyao <ywhzau@gmail.com>
Date:   Wed Feb 5 18:42:06 2020 +0800

    add new info for gene: OsRR21

commit 259101f76dd5094c28dc83d043cab5babc05ab65
Author: venyao <ywhzau@gmail.com>
Date:   Wed Feb 5 18:42:04 2020 +0800

    add new pub.

commit 41ee50e0e1ad752e3991f70e62884b4c5921774c
Author: venyao <ywhzau@gmail.com>
Date:   Wed Feb 5 18:41:54 2020 +0800

    add new gene: OsRR21

commit 0e9a0ff1ec671ce7a1e140ce466d1b5892957350
Author: venyao <ywhzau@gmail.com>
Date:   Wed Feb 5 18:40:19 2020 +0800

    add new connections between OsEIN2 and MHZ1

commit 348e749fc46f6e0bbd9d1830ff0822d05350c46b
Author: venyao <ywhzau@gmail.com>
Date:   Wed Feb 5 18:39:45 2020 +0800

    add new connections between ERS2 and MHZ1

commit d1efcb6c247b958f5769d49842b887fc49b88505
Author: venyao <ywhzau@gmail.com>
Date:   Wed Feb 5 18:37:38 2020 +0800

    add new info for gene: MHZ1

commit 7417c1da3be51c0147f139f8032ff942676c0fd5
Author: venyao <ywhzau@gmail.com>
Date:   Wed Feb 5 18:37:35 2020 +0800

    add new pub.

commit 2f6455feed0eecba9067968c7d5bfc65ded6c560
Author: venyao <ywhzau@gmail.com>
Date:   Wed Feb 5 18:35:02 2020 +0800

    MHZ1 == OsHK1 == HK1

commit 0f936d785001da749614942d662bb358ecbab001
Author: venyao <ywhzau@gmail.com>
Date:   Wed Feb 5 18:33:48 2020 +0800

    add new pub.

commit c3dd4554f69390fb264e2222ce2da0f5fc1333c2
Author: venyao <ywhzau@gmail.com>
Date:   Wed Feb 5 18:31:35 2020 +0800

    add new pub.

commit b3d65a474fc8ede548aa9c7f8b1229922d67a3c6
Author: venyao <ywhzau@gmail.com>
Date:   Wed Feb 5 18:31:20 2020 +0800

    add new info for gene: OsBURP16

commit 55cdfd3e473b14d3ff810d71f5b0f9f0025041f7
Author: venyao <ywhzau@gmail.com>
Date:   Wed Feb 5 18:31:17 2020 +0800

    add new pub.

commit 91267ec86f2c59221a2a7125ad81d97738c9e849
Author: venyao <ywhzau@gmail.com>
Date:   Wed Feb 5 18:30:45 2020 +0800

    add new info for gene: OsSAPK8

commit 54b2f46106fac91c2eacf08006735fd472b8653a
Author: venyao <ywhzau@gmail.com>
Date:   Wed Feb 5 18:30:43 2020 +0800

    add new pub.

commit 4c48de1eed1fe3aef63d285037525d19796fbfbe
Author: venyao <ywhzau@gmail.com>
Date:   Wed Feb 5 18:29:40 2020 +0800

    add new info for gene: MIS2

commit 36239501ab6a0051ebbd546a793547d619b6b6dc
Author: venyao <ywhzau@gmail.com>
Date:   Wed Feb 5 18:29:38 2020 +0800

    add new pub.

commit c88433eb7c7a81c4937b09048ffae508474e48f6
Author: venyao <ywhzau@gmail.com>
Date:   Wed Feb 5 18:29:08 2020 +0800

    OsCR4 == MIS2

commit d899fc8b87e2f0a9b65306a9d320c1f101401066
Author: venyao <ywhzau@gmail.com>
Date:   Wed Feb 5 18:25:42 2020 +0800

    add new info for gene: OsSUS3

commit a6482f306076f49f301e7a67936793f41cfc0b71
Author: venyao <ywhzau@gmail.com>
Date:   Wed Feb 5 18:25:40 2020 +0800

    add new pub.

commit 6f6ce0ed6150485e8945f76ae5b20b4b2a077c16
Author: venyao <ywhzau@gmail.com>
Date:   Wed Feb 5 18:25:03 2020 +0800

    RSUS3 == SUS3 == OsSUS3

commit 6aad6814580c4c83cdb5343e699c2e9cadacfcfc
Author: venyao <ywhzau@gmail.com>
Date:   Wed Feb 5 18:19:20 2020 +0800

    add new pub.

commit fd7c4501e0cd7de3ccefb81e35a5a6ef7935d587
Author: venyao <ywhzau@gmail.com>
Date:   Wed Feb 5 18:18:02 2020 +0800

    add new info for gene: OsmiR396

commit c83976e2dd53913cc48c71644373fb661d0d54d6
Author: venyao <ywhzau@gmail.com>
Date:   Wed Feb 5 18:18:00 2020 +0800

    add new pub.

commit 74dfb14ca43593041e3169b16dfa761041b03880
Author: venyao <ywhzau@gmail.com>
Date:   Wed Feb 5 18:17:52 2020 +0800

    add new gene: OsmiR396

commit 741bd76b6a37358c42513e2480956a3ed9b2ed4f
Author: venyao <ywhzau@gmail.com>
Date:   Wed Feb 5 18:16:56 2020 +0800

    add new info for gene: OsCV

commit 742ac679923676a4c9dc19ccf434acb90c157934
Author: venyao <ywhzau@gmail.com>
Date:   Wed Feb 5 18:16:54 2020 +0800

    add new pub.

commit 4941277c6150223ba32215bee6a9b101885a2218
Author: venyao <ywhzau@gmail.com>
Date:   Wed Feb 5 18:13:28 2020 +0800

    add new info for gene: GPA5

commit 4fbca159caba0901e20f7979d22fe46442b0ca28
Author: venyao <ywhzau@gmail.com>
Date:   Wed Feb 5 18:13:26 2020 +0800

    add new pub.

commit 15b46132bfba15b80383c29991a1452c06bb1269
Author: venyao <ywhzau@gmail.com>
Date:   Wed Feb 5 18:10:47 2020 +0800

    add new gene: GPA5

commit 315a3a3ffe1dc1aee4a8be9f2f4402adffd80ed0
Author: venyao <ywhzau@gmail.com>
Date:   Wed Feb 5 18:08:01 2020 +0800

    add new info for gene: OFP3

commit 2024f89ec3b29bc7fa8944df15e910f6da271b58
Author: venyao <ywhzau@gmail.com>
Date:   Wed Feb 5 18:07:58 2020 +0800

    add new pub.

commit c8cfa9fb1e3397da850b53fd14905a4f93525993
Author: venyao <ywhzau@gmail.com>
Date:   Wed Feb 5 18:07:49 2020 +0800

    add new gene: OFP3

commit de35a6dbabe02270ed2de0fc8fbd82037890ccf1
Author: venyao <ywhzau@gmail.com>
Date:   Wed Feb 5 18:02:03 2020 +0800

    add new info for gene: OsPID

commit a7fe6967afccfc2054c34631ccd99de6ae77710d
Author: venyao <ywhzau@gmail.com>
Date:   Wed Feb 5 18:02:01 2020 +0800

    add new pub.

commit 4aa1b39347ff753c3fd05dcb4778741aff25bdf0
Author: venyao <ywhzau@gmail.com>
Date:   Wed Feb 5 18:01:02 2020 +0800

    OsPID == OsPINOID

commit 8b30caac176f76b53b73edcb8db07328b6bfd8db
Author: venyao <ywhzau@gmail.com>
Date:   Wed Feb 5 17:46:19 2020 +0800

    add new info for gene: Osexpa7

commit 630840e413e0b30717b10d26c26f23a83db936ac
Author: venyao <ywhzau@gmail.com>
Date:   Wed Feb 5 17:46:16 2020 +0800

    add new pub.

commit e60ffdb0e32637aa06ef3ea55a5d84b93c09885f
Author: venyao <ywhzau@gmail.com>
Date:   Wed Feb 5 17:43:41 2020 +0800

    add new gene: OsEXPA7

commit 52998f07866c2f16d503c6219582c83aa6b0b5da
Author: venyao <ywhzau@gmail.com>
Date:   Wed Feb 5 17:42:37 2020 +0800

    add new pub.

commit 6be10defb37e0548bd32223e459c1f52d5ff9185
Author: venyao <ywhzau@gmail.com>
Date:   Wed Feb 5 17:41:04 2020 +0800

    add new info for gene: OsPCS2

commit 8a5b727830a64f663bc4c554c8fda1e446ccc146
Author: venyao <ywhzau@gmail.com>
Date:   Wed Feb 5 17:41:01 2020 +0800

    add new pub.

commit 04a3711c5c27d213271ed6fea6ef94052d06bfb2
Author: venyao <ywhzau@gmail.com>
Date:   Wed Feb 5 17:40:44 2020 +0800

    add new info for gene: OsPCS1

commit 002efd76105fc05257bd8656b0efd7070b3a5ed1
Author: venyao <ywhzau@gmail.com>
Date:   Wed Feb 5 17:40:40 2020 +0800

    add new pub.

commit cb1d09270bc63488c1d85885c5745a6df6e27ed4
Author: venyao <ywhzau@gmail.com>
Date:   Wed Feb 5 17:38:48 2020 +0800

    add new info for gene: OsNHAD

commit 6aaae09b953ff41856e2001a5e5c3f66110977ed
Author: venyao <ywhzau@gmail.com>
Date:   Wed Feb 5 17:38:46 2020 +0800

    add new pub.

commit aeb47aa06c130a9988bd897855f0c746d1946ff1
Author: venyao <ywhzau@gmail.com>
Date:   Wed Feb 5 17:38:38 2020 +0800

    add new gene: OsNHAD

commit ff7dd31272daa38ab5b879075c69096c4e9bcc06
Author: venyao <ywhzau@gmail.com>
Date:   Wed Feb 5 17:37:40 2020 +0800

    add new info for gene: OsTZF5

commit afa5e05b74794459d1bae6e237ee96d164e7d4a9
Author: venyao <ywhzau@gmail.com>
Date:   Wed Feb 5 17:37:38 2020 +0800

    add new pub.

commit 80206dfe74f8e9fe2e3ca694da6ab4543e95b4f7
Author: venyao <ywhzau@gmail.com>
Date:   Wed Feb 5 17:37:29 2020 +0800

    add new gene: OsTZF5

commit 80e50e6fc6f781777d2497814e81eb605bc64bc9
Author: venyao <ywhzau@gmail.com>
Date:   Wed Feb 5 17:34:07 2020 +0800

    add new info for gene: OsSR45

commit bb01f30579a59416dcd00d84531ebc173ff87609
Author: venyao <ywhzau@gmail.com>
Date:   Wed Feb 5 17:34:05 2020 +0800

    add new pub.

commit 6aeb5dba2d0392b4eb7cefaed3ea7977c6055922
Author: venyao <ywhzau@gmail.com>
Date:   Wed Feb 5 17:33:56 2020 +0800

    add new gene: OsSR45

commit 9bfd04edf45a14047c7880815a6151d6a040986a
Author: venyao <ywhzau@gmail.com>
Date:   Wed Feb 5 17:28:30 2020 +0800

    add new info for gene: OsFKBP20-1b

commit c595ee7443ae18e0288a7e873a54cd99aa3e44d6
Author: venyao <ywhzau@gmail.com>
Date:   Wed Feb 5 17:28:27 2020 +0800

    add new pub.

commit e164ba9d2ab4bc4ed0efe5d2af22abb030b42b4f
Author: venyao <ywhzau@gmail.com>
Date:   Wed Feb 5 17:27:55 2020 +0800

    add new gene: OsFKBP20-1b

commit 2a8fc286dd95428a743031d9e9468ef1d822ca16
Author: venyao <ywhzau@gmail.com>
Date:   Wed Feb 5 17:24:42 2020 +0800

    add new info for gene: WEG1

commit b82ee1c4980e88efc2ed568ed549c2d624388a60
Author: venyao <ywhzau@gmail.com>
Date:   Wed Feb 5 17:24:40 2020 +0800

    add new pub.

commit 3686fdb064bee92f46e63d178f8949c846372974
Author: venyao <ywhzau@gmail.com>
Date:   Wed Feb 5 17:24:29 2020 +0800

    add new gene: WEG1

commit c7b855ed43b678e1e624c9ce5de65b8c7e504ff3
Author: venyao <ywhzau@gmail.com>
Date:   Wed Feb 5 17:23:31 2020 +0800

    add new pub.

commit e253ddeeda4ae10436559016a687da60c9df1a9c
Author: venyao <ywhzau@gmail.com>
Date:   Wed Feb 5 17:22:12 2020 +0800

    add new info for gene: FBL55

commit 4f811c7058905e649943fa8f729c1de5e368da21
Author: venyao <ywhzau@gmail.com>
Date:   Wed Feb 5 17:22:10 2020 +0800

    add new pub.

commit 55915188ee7043802b00143b114d02e859e33b72
Author: venyao <ywhzau@gmail.com>
Date:   Wed Feb 5 17:22:01 2020 +0800

    add new gene: FBL55

commit 46a9082396bc4fbc2c5378457d79a9839e28d151
Author: venyao <ywhzau@gmail.com>
Date:   Wed Feb 5 17:21:21 2020 +0800

    add new info for gene: siR109944

commit ae3ad5415f3df85d57d80809e8b5812a6b1994b7
Author: venyao <ywhzau@gmail.com>
Date:   Wed Feb 5 17:21:18 2020 +0800

    add new pub.

commit 54f0ff9d79210b4328f03641c2f962c3e96bc808
Author: venyao <ywhzau@gmail.com>
Date:   Wed Feb 5 17:21:09 2020 +0800

    add new gene: siR109944

commit 857f8bc2d71346f7b1a26e9fa4de161e60328432
Author: venyao <ywhzau@gmail.com>
Date:   Wed Feb 5 17:20:00 2020 +0800

    add new info for gene: OsKO1

commit 977d0113afee2943b739459f523332b2e12246ef
Author: venyao <ywhzau@gmail.com>
Date:   Wed Feb 5 17:19:57 2020 +0800

    add new pub.

commit 488dbd1778f23fa104bd22ca7ece41f6b87f031e
Author: venyao <ywhzau@gmail.com>
Date:   Wed Feb 5 17:18:12 2020 +0800

    add new info for gene: LTT1

commit b2be45804f9272bc49e5997084df543778761075
Author: venyao <ywhzau@gmail.com>
Date:   Wed Feb 5 17:18:10 2020 +0800

    add new pub.

commit 1ee13a894793a7264973e19a4fb60dfa7a4f6528
Author: venyao <ywhzau@gmail.com>
Date:   Wed Feb 5 17:15:51 2020 +0800

    add new gene: LTT1

commit 0621381159305fa4c31926deadcc9cff5d6cbe5d
Author: venyao <ywhzau@gmail.com>
Date:   Wed Feb 5 17:10:07 2020 +0800

    add new info for gene: ES5

commit a6f3786a94d601289fdaf97f0d591b27cdbd95f1
Author: venyao <ywhzau@gmail.com>
Date:   Wed Feb 5 17:10:05 2020 +0800

    add new pub.

commit fed9b0b08cb93a549038bec42263421c7a469c5a
Author: venyao <ywhzau@gmail.com>
Date:   Wed Feb 5 17:09:40 2020 +0800

    SUI2 == ES5

commit d1ede4b7d3fdef7da18f7fcf97c51a7f9d8a536e
Author: venyao <ywhzau@gmail.com>
Date:   Wed Feb 5 17:08:03 2020 +0800

    add new info for gene: AFG1

commit eda9b88e530282a6cc0da40748f49b57f6bca4f6
Author: venyao <ywhzau@gmail.com>
Date:   Wed Feb 5 17:08:00 2020 +0800

    add new pub.

commit 622e5794ec6ebeb733add742493ae24026f3f7cc
Author: venyao <ywhzau@gmail.com>
Date:   Wed Feb 5 17:07:20 2020 +0800

    OsMADS6 == MFO1 == AFG1

commit 7eca7d5742a7593ecafb459214591b1bb76a6f52
Author: venyao <ywhzau@gmail.com>
Date:   Wed Feb 5 17:06:01 2020 +0800

    add new pub.

commit c1eb03bf5eedca35ba6726af70d7a8cd9c8b93ee
Author: venyao <ywhzau@gmail.com>
Date:   Wed Feb 5 17:05:45 2020 +0800

    add new pub.

commit c675a65ce6453cbc6d923e573b90f1a8a6521849
Author: venyao <ywhzau@gmail.com>
Date:   Wed Feb 5 17:05:26 2020 +0800

    add new pub.

commit f0c8c90bc308edeb532afa6e3de3e5338ec089ec
Author: venyao <ywhzau@gmail.com>
Date:   Wed Feb 5 14:10:48 2020 +0800

    add new info for gene: Os3BGlu6

commit 4e9fd5265bb8e92b67b327861160e752883517b1
Author: venyao <ywhzau@gmail.com>
Date:   Wed Feb 5 14:10:45 2020 +0800

    add new pub.

commit bf967dafaf0660627e6f29353d1ad1e995361018
Author: venyao <ywhzau@gmail.com>
Date:   Wed Feb 5 14:08:38 2020 +0800

    add new pub.

commit 0f9db18819ab4e87636faea19d46269a222f1178
Author: venyao <ywhzau@gmail.com>
Date:   Wed Feb 5 14:08:23 2020 +0800

    add new pub.

commit b04a101ff41e343385e394268c651368900eb465
Author: venyao <ywhzau@gmail.com>
Date:   Wed Feb 5 14:00:29 2020 +0800

    add new info for gene: ONAC054

commit 4cef36626848972c88ed84987b3f9d2c3cb8d5d9
Author: venyao <ywhzau@gmail.com>
Date:   Wed Feb 5 14:00:26 2020 +0800

    add new pub.

commit 53049afb459ddcf191e2978c54225c26e1702453
Author: venyao <ywhzau@gmail.com>
Date:   Wed Feb 5 13:59:36 2020 +0800

    RIM1 == ONAC054

commit dfd07276d3f5e65987d08f6c424f8407f790d958
Author: venyao <ywhzau@gmail.com>
Date:   Wed Feb 5 13:58:22 2020 +0800

    add new info for gene: OsNADK1

commit 832c6ec50f2a19c9ff3aee3a80d8a2982daa6bc8
Author: venyao <ywhzau@gmail.com>
Date:   Wed Feb 5 13:58:20 2020 +0800

    add new pub.

commit 24a1ebca4b4b237306c100b324e2603b3acb132c
Author: venyao <ywhzau@gmail.com>
Date:   Wed Feb 5 13:58:10 2020 +0800

    add new gene: OsNADK1

commit 172c291b1ec1bd1405c38c12e85d8afb91408681
Author: venyao <ywhzau@gmail.com>
Date:   Wed Feb 5 13:52:54 2020 +0800

    add new info for gene: OsFPFL4

commit cede454600ef556c2ee6d52735bc5cd32fa8fa32
Author: venyao <ywhzau@gmail.com>
Date:   Wed Feb 5 13:52:51 2020 +0800

    add new pub.

commit 42501532a3f0f7ce1e2d0ff8196876cf8140b34d
Author: venyao <ywhzau@gmail.com>
Date:   Wed Feb 5 13:52:42 2020 +0800

    add new gene: OsFPFL4

commit 03ff431a27bfe4b17cb8171c111e8bf5ccf66e18
Author: venyao <ywhzau@gmail.com>
Date:   Wed Feb 5 13:46:15 2020 +0800

    add new info for gene: KRP2

commit 9c2d3fcd97c8b8581404e229303501dd1f761c52
Author: venyao <ywhzau@gmail.com>
Date:   Wed Feb 5 13:46:12 2020 +0800

    add new pub.

commit 9b0909fd722476b12c541fcbf8592f9cd3578eab
Author: venyao <ywhzau@gmail.com>
Date:   Wed Feb 5 13:40:50 2020 +0800

    add new gene: KRP2

commit 877858d77cfa697c24bf6f855af56d723e8bf71d
Author: venyao <ywhzau@gmail.com>
Date:   Wed Feb 5 13:39:30 2020 +0800

    add new info for gene: OsSRLK

commit 9973bb44664d24d342b5e8fe69c2167d26f1c888
Author: venyao <ywhzau@gmail.com>
Date:   Wed Feb 5 13:39:27 2020 +0800

    add new pub.

commit b4089969f39b059d970a287fb8c32c135f6695c5
Author: venyao <ywhzau@gmail.com>
Date:   Wed Feb 5 13:39:18 2020 +0800

    add new gene: OsSRLK

commit f98a0148f3d544b2fd56e0cb9acc45762d19e8d3
Author: venyao <ywhzau@gmail.com>
Date:   Wed Feb 5 13:34:19 2020 +0800

    add new keywords for OsGPI8

commit e72101628cec002166553d36308d4ed3fdae0b02
Author: venyao <ywhzau@gmail.com>
Date:   Wed Feb 5 13:34:01 2020 +0800

    add new keywords for OsGPI8

commit 26195c1825c1ed61c527a989957d4cb53b90c335
Author: venyao <ywhzau@gmail.com>
Date:   Wed Feb 5 13:33:49 2020 +0800

    add new keywords for OsGPI8

commit 90ca91e4cb8f980c91c3d41fba25d37e057c9683
Author: venyao <ywhzau@gmail.com>
Date:   Wed Feb 5 13:33:18 2020 +0800

    add new keywords for OsGPI8

commit 9b3836b850514f8e6ba2158e08bea3b5e109dd0a
Author: venyao <ywhzau@gmail.com>
Date:   Wed Feb 5 13:30:57 2020 +0800

    add new pub.

commit 2010049654a6d354467480320491f080937c152e
Author: venyao <ywhzau@gmail.com>
Date:   Wed Feb 5 13:30:49 2020 +0800

    add new gene: OsGPI8

commit df32d9181f53d9a1775b0df187c86d90e7f12190
Author: venyao <ywhzau@gmail.com>
Date:   Wed Feb 5 13:29:38 2020 +0800

    add new pub.

commit 078b27a8a9aad829900295447aafd0f73fa432af
Author: venyao <ywhzau@gmail.com>
Date:   Wed Feb 5 13:29:13 2020 +0800

    add new pub.

commit 54c64e8395ab1dc1c444fe0eb339af77dc25e84e
Author: venyao <ywhzau@gmail.com>
Date:   Wed Feb 5 13:29:00 2020 +0800

    add new pub.

commit 7c973323a94fee06ab6972d537d3045e50fd4bbf
Author: venyao <ywhzau@gmail.com>
Date:   Wed Feb 5 13:22:58 2020 +0800

    add new pub.

commit 27f8aafb9bdeb4d134eb79a737b0c429b63c2f47
Author: venyao <ywhzau@gmail.com>
Date:   Wed Feb 5 13:19:32 2020 +0800

    add new pub.

commit 5461492bcded4faadd9c2bc6cd0fd308ace05758
Author: venyao <ywhzau@gmail.com>
Date:   Wed Feb 5 13:16:32 2020 +0800

    add new pub.

commit 4dd1a9a251d1d91e912f64dbe60f00511f0edc94
Author: venyao <ywhzau@gmail.com>
Date:   Wed Feb 5 13:15:52 2020 +0800

    add new info for gene: OsAP2

commit e21d5819614c8035a7b38195cd33febbe03da6fb
Author: venyao <ywhzau@gmail.com>
Date:   Wed Feb 5 13:15:51 2020 +0800

    add new pub.

commit 774c26ec9a1c54a5807e622163d8ba8c3fcc967e
Author: venyao <ywhzau@gmail.com>
Date:   Wed Feb 5 12:39:56 2020 +0800

    add new keywords for OsERdj7

commit 54df59e03946d6e9864b72dcfadfac7eff4b557b
Author: venyao <ywhzau@gmail.com>
Date:   Wed Feb 5 12:38:57 2020 +0800

    add new keywords for OsERdj7

commit 321247eb42b51ff864c0ea9ddeb64b9bb27261e2
Author: venyao <ywhzau@gmail.com>
Date:   Wed Feb 5 12:37:55 2020 +0800

    add new info for gene: OsERdj7

commit 040e6df61447cbb6ea1e1e87604dd083289e1d09
Author: venyao <ywhzau@gmail.com>
Date:   Wed Feb 5 12:37:53 2020 +0800

    add new pub.

commit 786f24db96d34e6b38484c859b09a14160b99e6b
Author: venyao <ywhzau@gmail.com>
Date:   Wed Feb 5 12:37:43 2020 +0800

    add new gene: OsERdj7

commit 6299325f1adda4857b5a9906d3ce1655865252b4
Author: venyao <ywhzau@gmail.com>
Date:   Wed Feb 5 12:35:37 2020 +0800

    add new pub.

commit 589eca614d63eac3a99c951c9b24fa0453b44064
Author: venyao <ywhzau@gmail.com>
Date:   Wed Feb 5 12:33:56 2020 +0800

    OsNPPR3 == FLO14

commit 851db31d642c21c97641d948761ccfbedb2a41f7
Author: venyao <ywhzau@gmail.com>
Date:   Wed Feb 5 12:32:46 2020 +0800

    add new info for gene: OsNPPR3

commit d7cb1ba205c886fc4766787736947efc076fc1b1
Author: venyao <ywhzau@gmail.com>
Date:   Wed Feb 5 12:32:44 2020 +0800

    add new pub.

commit 14d13c1940311bf7690fcad0e55e3f8c5b498df7
Author: venyao <ywhzau@gmail.com>
Date:   Wed Feb 5 12:32:36 2020 +0800

    add new gene: OsNPPR3

commit 74da8639d3dcd072c6cfeb710845faa039d02797
Author: venyao <ywhzau@gmail.com>
Date:   Wed Feb 5 12:30:50 2020 +0800

    add new keywords for OsSEX4

commit 1d2d90c15e2b34265843333e7c5f1d4608c6e50c
Author: venyao <ywhzau@gmail.com>
Date:   Wed Feb 5 12:30:39 2020 +0800

    add new keywords for OsSEX4

commit f07ddfa61d2ec243261ace33223bbecd825ecc6b
Author: venyao <ywhzau@gmail.com>
Date:   Wed Feb 5 12:29:41 2020 +0800

    add new info for gene: OsSEX4

commit 114b03d7d77f057d8b75bea2ee936fcf8f51e156
Author: venyao <ywhzau@gmail.com>
Date:   Wed Feb 5 12:29:39 2020 +0800

    add new pub.

commit e1394417170cf351a0f671da8ece17974bb03d23
Author: venyao <ywhzau@gmail.com>
Date:   Wed Feb 5 12:29:31 2020 +0800

    add new gene: OsSEX4

commit 7366ccc40c37dddfa386a442bd8fd6a030d3f5e9
Author: venyao <ywhzau@gmail.com>
Date:   Wed Feb 5 12:24:23 2020 +0800

    add new pub.

commit d2b59a561a0d9ae97d37add2ce488a186b461f93
Author: venyao <ywhzau@gmail.com>
Date:   Wed Feb 5 12:23:59 2020 +0800

    add new pub.

commit fa0c6f404231202428d9714176ef32cd65cd7e63
Author: venyao <ywhzau@gmail.com>
Date:   Wed Feb 5 12:18:54 2020 +0800

    add new pub.

commit bcc8ac03e2c7fbc3ca0d2450efcf664a322a84b9
Author: venyao <ywhzau@gmail.com>
Date:   Thu Jan 2 19:15:09 2020 +0800

    add new keywords for OsPGR5

commit fcdbb70db586a08fa83af77ebbe4344e81d87511
Author: venyao <ywhzau@gmail.com>
Date:   Thu Jan 2 19:14:56 2020 +0800

    add new keywords for OsPGR5

commit e75647154ba7d54e876b050a4a7f1e10a426f164
Author: venyao <ywhzau@gmail.com>
Date:   Thu Jan 2 19:12:46 2020 +0800

    add new keywords for OsOSCA1.2

commit e2bd11aea08dbad131bd41ac8052e7d61a7ff166
Author: venyao <ywhzau@gmail.com>
Date:   Thu Jan 2 19:10:16 2020 +0800

    add new keywords for OsOSC12

commit e8f7cf0ae9009b5de13ced82d13b143f3297128b
Author: venyao <ywhzau@gmail.com>
Date:   Thu Jan 2 19:10:09 2020 +0800

    add new keywords for OsOSC12

commit 99681c13df8a0c9f2797b57aa33043f9d7860d1c
Author: venyao <ywhzau@gmail.com>
Date:   Thu Jan 2 19:08:12 2020 +0800

    add new keywords for OsIDD6

commit ade97e5bf221ddbfe367b770d6adf9e042c4c843
Author: venyao <ywhzau@gmail.com>
Date:   Thu Jan 2 19:06:43 2020 +0800

    add new keywords for OsGINT1

commit 04309db100e1254ef2a1cec65c5c084855381792
Author: venyao <ywhzau@gmail.com>
Date:   Thu Jan 2 19:05:15 2020 +0800

    add new keywords for OsARF15

commit 14dcbf8221282aff1cb813e50a1f51230b9f2370
Author: venyao <ywhzau@gmail.com>
Date:   Thu Jan 2 19:02:56 2020 +0800

    add new keywords for OsPAL9

commit 7643d73bfa5a209e692eaf5a64e2d18b3ae79097
Author: venyao <ywhzau@gmail.com>
Date:   Thu Jan 2 19:00:16 2020 +0800

    add new keywords for OsKRP1

commit 451ca78ce8a58c8c56d1de5b826660ab81d5b185
Author: venyao <ywhzau@gmail.com>
Date:   Thu Jan 2 19:00:00 2020 +0800

    add new keywords for OsKRP1

commit 088b2d8553e7c5abcd7c01d1a0ad3c715cb93c58
Author: venyao <ywhzau@gmail.com>
Date:   Thu Jan 2 18:55:18 2020 +0800

    add new keywords for OsRPT4

commit 18b12dd1ca835134ac9ecef0a40f878baea1c4a8
Author: venyao <ywhzau@gmail.com>
Date:   Thu Jan 2 18:55:06 2020 +0800

    add new keywords for OsRPT4

commit 26cfcf1f5421489c8d9d414abafe58e4cfca1723
Author: venyao <ywhzau@gmail.com>
Date:   Thu Jan 2 18:49:40 2020 +0800

    add new keywords for OsGPX1

commit 49df9a8a834b195cf62385da773fa38baede1dcb
Author: venyao <ywhzau@gmail.com>
Date:   Thu Jan 2 18:49:15 2020 +0800

    add new keywords for OsGPX1

commit 6355f3806124ab143e1f1f6fd70014ea8b7ed84b
Author: venyao <ywhzau@gmail.com>
Date:   Thu Jan 2 18:47:26 2020 +0800

    add new keywords for OsCML16

commit 5e727a8eb91f6e5ca07514064a6d9d56e22635fc
Author: venyao <ywhzau@gmail.com>
Date:   Thu Jan 2 18:47:17 2020 +0800

    add new keywords for OsCML16

commit b197f5f4537737680d30e3e99030d01e6a447a99
Author: venyao <ywhzau@gmail.com>
Date:   Thu Jan 2 18:46:56 2020 +0800

    add new keywords for OsCML16

commit 1d982e797c5d2bf3874fda71d99c162d04d96eac
Author: venyao <ywhzau@gmail.com>
Date:   Thu Jan 2 18:46:48 2020 +0800

    add new keywords for OsCML16

commit c92ff169cb2b790cec8bbe60436ea66f54b26be2
Author: venyao <ywhzau@gmail.com>
Date:   Thu Jan 2 18:46:39 2020 +0800

    add new keywords for OsCML16

commit 63e648df29662cb7218edd6815cc3c9cae91036e
Author: venyao <ywhzau@gmail.com>
Date:   Thu Jan 2 18:42:35 2020 +0800

    add new keywords for NF-YC12

commit 58fc8380c9d7b98d5d2948e876eb2a486d8ee033
Author: venyao <ywhzau@gmail.com>
Date:   Thu Jan 2 18:41:58 2020 +0800

    add new keywords for NF-YC12

commit 6fb8ef07d2c7718a8840da567ea8a57d321daee3
Author: venyao <ywhzau@gmail.com>
Date:   Thu Jan 2 18:40:54 2020 +0800

    add new keywords for NF-YC12

commit e6a18d370e4ec213f1044087715c6ba42dbb9092
Author: venyao <ywhzau@gmail.com>
Date:   Thu Jan 2 18:40:29 2020 +0800

    add new keywords for NF-YC12

commit 1efc2a29609c05e87595bf83e7076c18b3270bf5
Author: venyao <ywhzau@gmail.com>
Date:   Thu Jan 2 18:36:44 2020 +0800

    NF-YC12 == OsNF-YC12

commit bbf57964f7ef1fc517eed0adb046ed2b612133c7
Author: venyao <ywhzau@gmail.com>
Date:   Thu Jan 2 18:35:36 2020 +0800

    add new keywords for LPL3

commit c5c13b2a1f647b9035c365340dd78fb520a64447
Author: venyao <ywhzau@gmail.com>
Date:   Thu Jan 2 18:33:47 2020 +0800

    add new keywords for DNMT2

commit 180d16a0e07ef1da687092a060d8c5f51cd7218a
Author: venyao <ywhzau@gmail.com>
Date:   Thu Jan 2 16:41:44 2020 +0800

    add new keywords for OsOFP14

commit 54ed6022135ea483b61381147df0c5552a06d007
Author: venyao <ywhzau@gmail.com>
Date:   Thu Jan 2 16:41:36 2020 +0800

    add new keywords for OsOFP14

commit 8f425d63289f9103b43cdfb166fd890adaeb9e41
Author: venyao <ywhzau@gmail.com>
Date:   Thu Jan 2 16:40:25 2020 +0800

    add new keywords for OsOFP14

commit 14765b6c820481561c9ed3fc588f20a5d1630371
Author: venyao <ywhzau@gmail.com>
Date:   Thu Jan 2 16:36:11 2020 +0800

    add new keywords for OsMeCP

commit bd18e3e8e2c9880083193f9c3534c576803e046c
Author: venyao <ywhzau@gmail.com>
Date:   Thu Jan 2 16:34:09 2020 +0800

    add new keywords for OsHORZ1

commit 3cb49581046b3b6d2f218ecd3bb9ddb0dd2f0535
Author: venyao <ywhzau@gmail.com>
Date:   Thu Jan 2 16:33:52 2020 +0800

    add new keywords for OsHORZ1

commit 065bf964dc0556a4d93d6d28205b63d5517783b1
Author: venyao <ywhzau@gmail.com>
Date:   Thu Jan 2 16:31:00 2020 +0800

    add new keywords for OsGapC2

commit de835d97f979fd3bf09847b9984a26840fca3308
Author: venyao <ywhzau@gmail.com>
Date:   Thu Jan 2 16:30:50 2020 +0800

    add new keywords for OsGapC2

commit c14c9979b0815816dd0ce496fab442286a014dcb
Author: venyao <ywhzau@gmail.com>
Date:   Thu Jan 2 16:30:45 2020 +0800

    add new keywords for OsGapC2

commit bc152539cf44298d294162ebb584e0c8ade14a7a
Author: venyao <ywhzau@gmail.com>
Date:   Thu Jan 2 16:30:30 2020 +0800

    add new keywords for OsGapC2

commit 826b0a06dc04060c5166efd206c904d9271d7259
Author: venyao <ywhzau@gmail.com>
Date:   Thu Jan 2 16:27:36 2020 +0800

    add new keywords for OsDR10

commit a36d862a9f14167ec6e06242c780fc2ff15f893e
Author: venyao <ywhzau@gmail.com>
Date:   Thu Jan 2 16:25:13 2020 +0800

    add new keywords for OsDR10

commit 8829fec2fc2a91e892dc31cf9bdf8db99120cc37
Author: venyao <ywhzau@gmail.com>
Date:   Thu Jan 2 16:25:03 2020 +0800

    add new keywords for OsDR10

commit 32cbdf07596fd88e7af9de34369a6b752797fd70
Author: venyao <ywhzau@gmail.com>
Date:   Thu Jan 2 16:24:47 2020 +0800

    add new keywords for OsDR10

commit 8ce5bbf8fb77f543f4e5a4b99f03e69e7e883cc1
Author: venyao <ywhzau@gmail.com>
Date:   Thu Jan 2 16:24:18 2020 +0800

    add new keywords for OsDR10

commit 715671c6deceb7cd879e4d23eeca75fc46bf17a2
Author: venyao <ywhzau@gmail.com>
Date:   Thu Jan 2 16:22:52 2020 +0800

    add new keywords for OsDR11

commit b0a44bc35088d0ebd87a9e1ff18768e300600619
Author: venyao <ywhzau@gmail.com>
Date:   Thu Jan 2 16:22:41 2020 +0800

    add new keywords for OsDR11

commit da0c3739175561f011f791695868472c6e532fb0
Author: venyao <ywhzau@gmail.com>
Date:   Thu Jan 2 16:21:51 2020 +0800

    add new keywords for OsDR11

commit 9e4bc6dc4cf15bca8803a325801ee86f52d57e2f
Author: venyao <ywhzau@gmail.com>
Date:   Thu Jan 2 16:21:14 2020 +0800

    add new keywords for OsDR11

commit 2e92b7305c656034a7729b611fd424458304c166
Author: venyao <ywhzau@gmail.com>
Date:   Thu Jan 2 16:21:08 2020 +0800

    add new keywords for OsDR11

commit 150321d1bc2f12f8d30a50b75447f3ad6b323a10
Author: venyao <ywhzau@gmail.com>
Date:   Thu Jan 2 16:20:55 2020 +0800

    add new keywords for OsDR11

commit ce4903e57d35948f4458aaf313e3e43d1a9504a5
Author: venyao <ywhzau@gmail.com>
Date:   Thu Jan 2 12:45:04 2020 +0800

    add new keywords for OsACL-A2

commit 313057b446876fbd6d01833999869112a5cf4d5c
Author: venyao <ywhzau@gmail.com>
Date:   Thu Jan 2 12:44:24 2020 +0800

    add new keywords for OsACL-A2

commit 9c873dad0ac160a2bf3ba7c357aab23ca6b419e3
Author: venyao <ywhzau@gmail.com>
Date:   Thu Jan 2 12:44:08 2020 +0800

    add new keywords for OsACL-A2

commit 3d58c780a3eb74de71a891feeb73b239ce58a345
Author: venyao <ywhzau@gmail.com>
Date:   Thu Jan 2 12:43:52 2020 +0800

    add new keywords for OsACL-A2

commit e0322b52a15a4d285fa0d8249a794d87c8cd34cb
Author: venyao <ywhzau@gmail.com>
Date:   Thu Jan 2 12:41:39 2020 +0800

    add new keywords for OsMUS81

commit 9a95eaf88353465c59e67b1542964f72cb0e8e4c
Author: venyao <ywhzau@gmail.com>
Date:   Thu Jan 2 12:41:11 2020 +0800

    add new keywords for OsMUS81

commit dba4c851a9c9d0990cb36b593091fc496f7a9284
Author: venyao <ywhzau@gmail.com>
Date:   Thu Jan 2 12:39:54 2020 +0800

    add new keywords for OsMADS72

commit ab55a9bfb64f117e07da3fa35c99bda433cfac33
Author: venyao <ywhzau@gmail.com>
Date:   Thu Jan 2 12:38:10 2020 +0800

    add new keywords for OsMADS21

commit 356b4b1ae7bf49514eb9aa25f5fe9072eeda324c
Author: venyao <ywhzau@gmail.com>
Date:   Thu Jan 2 12:31:32 2020 +0800

    add new keywords for OsLDC-like1

commit a20b2a51a629a0d96c370417cb39b6e57e5b19ca
Author: venyao <ywhzau@gmail.com>
Date:   Thu Jan 2 12:31:02 2020 +0800

    add new keywords for OsLDC-like1

commit 1eec22df7e87889091b17c572deed37ee8d83e84
Author: venyao <ywhzau@gmail.com>
Date:   Thu Jan 2 12:30:53 2020 +0800

    add new keywords for OsLDC-like1

commit 4388450a6090fe183de916ac66fda9339ec13b21
Author: venyao <ywhzau@gmail.com>
Date:   Thu Jan 2 12:28:48 2020 +0800

    add new keywords for OsGATA28

commit c2193ee45f5708aa9e39cb5e8b0cb405beb9d0e1
Author: venyao <ywhzau@gmail.com>
Date:   Thu Jan 2 12:28:17 2020 +0800

    add new keywords for OsGATA28

commit 703631c1094b50f819b84adaf624499c1f6f115d
Author: venyao <ywhzau@gmail.com>
Date:   Thu Jan 2 12:28:03 2020 +0800

    add new keywords for OsGATA28

commit 967e3214223214ad10eea4ba1f7d88765673ac79
Author: venyao <ywhzau@gmail.com>
Date:   Thu Jan 2 12:22:40 2020 +0800

    add new keywords for OsFTIP1

commit 67d3400201a30f9c8a4c5ea140f6cce2614bda80
Author: venyao <ywhzau@gmail.com>
Date:   Thu Jan 2 12:22:30 2020 +0800

    add new keywords for OsFTIP1

commit 7e528d66d39942f0323d92e1452e3a83682492ce
Author: venyao <ywhzau@gmail.com>
Date:   Thu Jan 2 12:22:17 2020 +0800

    add new keywords for OsFTIP1

commit 2f9f9af947a6f37b4da1ddd45d5df263486c2c40
Author: venyao <ywhzau@gmail.com>
Date:   Thu Jan 2 12:19:38 2020 +0800

    add new keywords for OsFlot

commit 79cc1ccd4670dd2ddba6100df796baa4cd6c7264
Author: venyao <ywhzau@gmail.com>
Date:   Thu Jan 2 12:19:20 2020 +0800

    add new keywords for OsFlot

commit 53ae058fa24dc2c942aad9f28e616a0ca01239bb
Author: venyao <ywhzau@gmail.com>
Date:   Thu Jan 2 12:19:07 2020 +0800

    add new keywords for OsFlot

commit 13598bf792b70a048214cb6583747203d2fdc5d3
Author: venyao <ywhzau@gmail.com>
Date:   Thu Jan 2 12:18:55 2020 +0800

    add new keywords for OsFlot

commit 2bd1d1030cee2a8ae26346fe19ec30f7d9d93d32
Author: venyao <ywhzau@gmail.com>
Date:   Tue Dec 31 17:34:47 2019 +0800

    add new keywords for OsDEF8

commit 49f55835c5e1d969d76e0bbffbdaa2364e241004
Author: venyao <ywhzau@gmail.com>
Date:   Tue Dec 31 17:33:08 2019 +0800

    add new keywords for OsDUF26

commit 1fbea036408515c1633dd7642ce30ab6a241792c
Author: venyao <ywhzau@gmail.com>
Date:   Tue Dec 31 17:29:35 2019 +0800

    add new keywords for OsDVR

commit 8d12abc920f4d8c2ad59b5746a768b9d83c1f059
Author: venyao <ywhzau@gmail.com>
Date:   Tue Dec 31 17:21:03 2019 +0800

    add new keywords for OsZOU-1

commit 75bcd3951f6255acad67e385a6e251626d82d4d2
Author: venyao <ywhzau@gmail.com>
Date:   Tue Dec 31 17:20:47 2019 +0800

    add new keywords for OsZOU-1

commit d3e249f6cfc54ad4934860155aa2b6025dea2ba2
Author: venyao <ywhzau@gmail.com>
Date:   Tue Dec 31 17:20:23 2019 +0800

    add new keywords for OsZOU-1

commit e7495557bb8fbc144bc7afc5e42ab22ba1a2b58f
Author: venyao <ywhzau@gmail.com>
Date:   Tue Dec 31 17:20:09 2019 +0800

    add new keywords for OsZOU-1

commit 06b5cc828235eca1a35def046d7870c5392d3d47
Author: venyao <ywhzau@gmail.com>
Date:   Tue Dec 31 17:14:39 2019 +0800

    add new keywords for OsSRK

commit 5ab861581c83c8593c8a50c901d5e2450b5c57ee
Author: venyao <ywhzau@gmail.com>
Date:   Tue Dec 31 17:14:27 2019 +0800

    add new keywords for OsSRK

commit 029c59b254438aab6ffa08e04cd64c4562912e11
Author: venyao <ywhzau@gmail.com>
Date:   Tue Dec 31 17:04:16 2019 +0800

    add new keywords for OSOTP51

commit 42ef0ef8ea1bdcffc7b6777aa2f9469d9dd115bc
Author: venyao <ywhzau@gmail.com>
Date:   Tue Dec 31 17:02:21 2019 +0800

    add new keywords for Pikp-2

commit bbd5052691e00c0df3b4506d85019be03d52ccec
Author: venyao <ywhzau@gmail.com>
Date:   Tue Dec 31 17:02:14 2019 +0800

    add new keywords for Pikp-1

commit 824580e91ff115dbafca2394e1eed7c53b254f25
Author: venyao <ywhzau@gmail.com>
Date:   Tue Dec 31 17:00:51 2019 +0800

    add new keywords for PiPR1

commit 144816c55919d7396cba1296087d59a88c887bcf
Author: venyao <ywhzau@gmail.com>
Date:   Tue Dec 31 17:00:35 2019 +0800

    add new keywords for PiPR1

commit 0d1480692ca1ab9289cc921acbfe18ebf15b6525
Author: venyao <ywhzau@gmail.com>
Date:   Tue Dec 31 16:58:42 2019 +0800

    add new keywords for OsSWEET15

commit e415123dcd7a83a5cfed40c4c6b30b62403f3af6
Author: venyao <ywhzau@gmail.com>
Date:   Tue Dec 31 16:58:09 2019 +0800

    add new keywords for OsSWEET15

commit 692bd939e14c27062e1eec42fd5ea5147631a31f
Author: venyao <ywhzau@gmail.com>
Date:   Tue Dec 31 16:56:41 2019 +0800

    add new keywords for OsSWEET15

commit 2ed4e1ceb48e6fe0865e5a46591b1ed9a348ac09
Author: venyao <ywhzau@gmail.com>
Date:   Tue Dec 31 16:53:51 2019 +0800

    add new keywords for OsRecQl4

commit 4be9dde7ba7b1d34ff1edbfed363a25e003cf481
Author: venyao <ywhzau@gmail.com>
Date:   Tue Dec 31 16:46:52 2019 +0800

    add new keywords for OsdNK2

commit a7a5f01448bef998928cc87d0fc1e6b60aff794a
Author: venyao <ywhzau@gmail.com>
Date:   Tue Dec 31 16:46:23 2019 +0800

    add new keywords for OsdNK2

commit 60faf551021003b3234e6f8518f2b7f140cabab0
Author: venyao <ywhzau@gmail.com>
Date:   Tue Dec 31 16:41:27 2019 +0800

    add new keywords for OsbZIP79

commit 24f5670f26b2b283826c51ef5fab27500ee014f5
Author: venyao <ywhzau@gmail.com>
Date:   Tue Dec 31 16:41:06 2019 +0800

    add new keywords for OsbZIP79

commit e410851cb6bd659dc7b15c4f50d744f9118639f7
Author: venyao <ywhzau@gmail.com>
Date:   Tue Dec 31 16:38:24 2019 +0800

    add new keywords for OsBOR1

commit ece18dff0a9941e492e517f095654712d01ff3c6
Author: venyao <ywhzau@gmail.com>
Date:   Tue Dec 31 16:38:15 2019 +0800

    add new keywords for OsBOR1

commit 659c02ee022b76b2003343225101e63686451ccd
Author: venyao <ywhzau@gmail.com>
Date:   Tue Dec 31 16:36:43 2019 +0800

    add new keywords for OsBiP5

commit e06c3df99fd604ed3c0010536ffc621d3ef6f404
Author: venyao <ywhzau@gmail.com>
Date:   Tue Dec 31 16:36:33 2019 +0800

    add new keywords for OsBiP5

commit adb77f5d51da2d70e1ec0019f77b23a98de22003
Author: venyao <ywhzau@gmail.com>
Date:   Tue Dec 31 16:30:10 2019 +0800

    add new keywords for PDIL2;3

commit 023beafa01ced7b91aac0172e0baef0a8de8d66d
Author: venyao <ywhzau@gmail.com>
Date:   Tue Dec 31 16:29:46 2019 +0800

    add new keywords for PDIL2;3

commit ac66c4bc7d931c60fac468ab66e3ad886fc06d68
Author: venyao <ywhzau@gmail.com>
Date:   Tue Dec 31 16:29:35 2019 +0800

    add new keywords for PDIL2;3

commit 078b720adcc0271ddbec9ec32af2380ba944e32f
Author: venyao <ywhzau@gmail.com>
Date:   Tue Dec 31 16:22:49 2019 +0800

    add new keywords for OsZFP7

commit 80a5d183543fcfee1c1d42cf791819e7d7603862
Author: venyao <ywhzau@gmail.com>
Date:   Tue Dec 31 16:22:40 2019 +0800

    add new keywords for OsZFP7

commit c15bb5fed45674c1e7206d005b43203534484f84
Author: venyao <ywhzau@gmail.com>
Date:   Tue Dec 31 16:21:46 2019 +0800

    add new keywords for OsZFP7

commit f6b6cce83a8b0aedb6a76a8c593936df3593063e
Author: venyao <ywhzau@gmail.com>
Date:   Tue Dec 31 16:20:27 2019 +0800

    add new keywords for OsWS1

commit 1b9d5656504919a04c4c53612ea64960051ddc4e
Author: venyao <ywhzau@gmail.com>
Date:   Tue Dec 31 16:19:37 2019 +0800

    add new keywords for OsWS1

commit a5b58f4f840a323a8ebc022d9acc41f7b2e49bf9
Author: venyao <ywhzau@gmail.com>
Date:   Tue Dec 31 16:19:12 2019 +0800

    add new keywords for OsWS1

commit 7cc781bbbeeffaf25a584aea50df9f67820ce341
Author: venyao <ywhzau@gmail.com>
Date:   Tue Dec 31 16:18:59 2019 +0800

    add new keywords for OsWS1

commit a8a6451a6e5c5560785d3137d0214ac3561f1cfb
Author: venyao <ywhzau@gmail.com>
Date:   Tue Dec 31 16:18:10 2019 +0800

    add new keywords for OsWSL3

commit 14be18aadb3f9b9fec1485863996a355d9e5583f
Author: venyao <ywhzau@gmail.com>
Date:   Tue Dec 31 16:17:40 2019 +0800

    add new keywords for OsWSL3

commit beb245fe81cded1556550ace93eb397e072a7eda
Author: venyao <ywhzau@gmail.com>
Date:   Tue Dec 31 16:15:49 2019 +0800

    add new keywords for OsXRCC1

commit 782191be811e5caeb719ef69a7a2dcfe3c1a00ff
Author: venyao <ywhzau@gmail.com>
Date:   Tue Dec 31 16:13:10 2019 +0800

    add new keywords for OsBRXL5

commit e91ad9be5ded27e919b159c5162a8ed5d453a67a
Author: venyao <ywhzau@gmail.com>
Date:   Tue Dec 31 16:10:26 2019 +0800

    add new keywords for MRG701

commit af63cbf529575ea0b3ee7f8b95b8db1c2e1c85dd
Author: venyao <ywhzau@gmail.com>
Date:   Tue Dec 31 16:10:19 2019 +0800

    add new keywords for MRG701

commit f76c1ff3b52530a7484855780d4d46d3e8ee3b37
Author: venyao <ywhzau@gmail.com>
Date:   Tue Dec 31 16:07:36 2019 +0800

    add new keywords for LMM5.4

commit 54429be637b36d6615a2dc6c016ef2cc4bda220e
Author: venyao <ywhzau@gmail.com>
Date:   Tue Dec 31 16:06:59 2019 +0800

    add new keywords for LMM5.4

commit a1f9dc4d0a262a51c083e580a1b49700f1ebd931
Author: venyao <ywhzau@gmail.com>
Date:   Tue Dec 31 16:06:49 2019 +0800

    add new keywords for LMM5.4

commit 437371237a29798cb2a6c4cd361df39ce7a1b8c9
Author: venyao <ywhzau@gmail.com>
Date:   Tue Dec 31 16:06:34 2019 +0800

    add new keywords for LMM5.4

commit 18d8adac60f90ec7a2a92d0856ac023e210aad33
Author: venyao <ywhzau@gmail.com>
Date:   Tue Dec 31 16:04:51 2019 +0800

    add new keywords for Hwc3

commit 06f8758b9a88e01ede2cf6f0c7d81f1d8302b163
Author: venyao <ywhzau@gmail.com>
Date:   Tue Dec 31 15:52:20 2019 +0800

    add new keywords for GLR3.1

commit 95eb15fd21be9a53efa3a01cdb991ed16bb3b834
Author: venyao <ywhzau@gmail.com>
Date:   Tue Dec 31 15:52:12 2019 +0800

    add new keywords for GLR3.1

commit 20920aa84cbd040db4984e66f7812ff575ee289d
Author: venyao <ywhzau@gmail.com>
Date:   Tue Dec 31 15:52:01 2019 +0800

    add new keywords for GLR3.1

commit 1656bbe89b7ed9778faf7ab734049e68731ead2f
Author: venyao <ywhzau@gmail.com>
Date:   Tue Dec 31 15:51:47 2019 +0800

    add new keywords for GLR3.1

commit 87f130928659bf675fb21c7be5c929626a64223c
Author: venyao <ywhzau@gmail.com>
Date:   Tue Dec 31 15:47:44 2019 +0800

    add new keywords for OsIPD3

commit 11d5f55ad0aef9e64ee9270b5bace5d5fd298a49
Author: venyao <ywhzau@gmail.com>
Date:   Tue Dec 31 15:46:42 2019 +0800

    add new keywords for OsIPD3

commit c0e267099612572e9b470d0ca4ea072661bac1fd
Author: venyao <ywhzau@gmail.com>
Date:   Tue Dec 31 15:44:39 2019 +0800

    add new keywords for CRK6

commit 7486be1eb9f43efecfe3ed4356c22a3eeaaf1adb
Author: venyao <ywhzau@gmail.com>
Date:   Tue Dec 31 15:43:38 2019 +0800

    add new keywords for CRK6

commit 8f00c1b0d65c2b123979729994e29112c3007a5a
Author: venyao <ywhzau@gmail.com>
Date:   Tue Dec 31 15:40:34 2019 +0800

    add new keywords for CCD1

commit 0fe6a583abef8b42f2948352093eaac381c45f3f
Author: venyao <ywhzau@gmail.com>
Date:   Tue Dec 31 15:40:08 2019 +0800

    add new keywords for CCD1

commit 6573f4e25304f947392ef6db8c30502e8d31cfca
Author: venyao <ywhzau@gmail.com>
Date:   Tue Dec 31 15:39:55 2019 +0800

    add new keywords for CCD1

commit df9a5f56465da972a1b2cd79ba8cd329d67f4929
Author: venyao <ywhzau@gmail.com>
Date:   Tue Dec 31 15:39:48 2019 +0800

    add new keywords for CCD1

commit 777e7f1bc8a5defd8f5793e50dbab2b976eb8890
Author: venyao <ywhzau@gmail.com>
Date:   Tue Dec 31 12:30:28 2019 +0800

    add new keywords for OsFUG1

commit 98839b35ffa34f807a4a115e28b3321aff7b39c8
Author: venyao <ywhzau@gmail.com>
Date:   Tue Dec 31 12:30:18 2019 +0800

    add new keywords for OsFUG1

commit cd41843f036f3190be25ade33c776d4befed1e27
Author: venyao <ywhzau@gmail.com>
Date:   Tue Dec 31 12:29:35 2019 +0800

    add new keywords for OsFUG1

commit f473b8753b910c18662f4dfd2c090c46642a8a21
Author: venyao <ywhzau@gmail.com>
Date:   Tue Dec 31 12:29:04 2019 +0800

    add new keywords for OsFUG1

commit 634447d24f80136f9ba8520b4a730d7bf53c2acc
Author: venyao <ywhzau@gmail.com>
Date:   Tue Dec 31 12:28:55 2019 +0800

    add new keywords for OsFUG1

commit 38cddcc39bc134a4535cb76e2dab8b10fa7dd0a4
Author: venyao <ywhzau@gmail.com>
Date:   Tue Dec 31 12:25:43 2019 +0800

    add new keywords for OsCPK26

commit 6b691e8a39065530baf1b9de9bca4342746dcd52
Author: venyao <ywhzau@gmail.com>
Date:   Tue Dec 31 12:16:30 2019 +0800

    add new keywords for OsDA1

commit c2501ead9a7bb201f6e338444948a13b1139e60a
Author: venyao <ywhzau@gmail.com>
Date:   Tue Dec 31 12:12:31 2019 +0800

    add new keywords for OsDBH

commit 9addf41d3423999cfb8e9d4a034659a86b443b08
Author: venyao <ywhzau@gmail.com>
Date:   Tue Dec 31 12:12:25 2019 +0800

    add new keywords for OsDBH

commit bb1d75347c8df8aadba1ffffd0783a2cbcff8f29
Author: venyao <ywhzau@gmail.com>
Date:   Tue Dec 31 12:10:16 2019 +0800

    add new keywords for OsALKBH1

commit 0c6bb38c5ec0fbfce5b4bec7ffdaca264548594c
Author: venyao <ywhzau@gmail.com>
Date:   Tue Dec 31 12:10:09 2019 +0800

    add new keywords for OsALKBH1

commit 14dcc9b7b6e47e32ef51ffc5b41355280161aac3
Author: venyao <ywhzau@gmail.com>
Date:   Tue Dec 31 12:05:32 2019 +0800

    add new keywords for ESP1

commit f73d1f305e908f9ab32f1a5f263b5a03046e4746
Author: venyao <ywhzau@gmail.com>
Date:   Tue Dec 31 11:43:10 2019 +0800

    add new keywords for OsHMS1I

commit 6579b064e03ab5e1297c928eb834d4401540117c
Author: venyao <ywhzau@gmail.com>
Date:   Tue Dec 31 11:41:11 2019 +0800

    add new keywords for OsHMS1I

commit 108779fc62c83c7e9dc78aab0bcab211773dbcb9
Author: venyao <ywhzau@gmail.com>
Date:   Tue Dec 31 11:41:00 2019 +0800

    add new keywords for OsHMS1I

commit c64b9e2349274aca26b86132a2867049c42d7a8f
Author: venyao <ywhzau@gmail.com>
Date:   Tue Dec 31 11:38:21 2019 +0800

    add new keywords for BET1

commit 7af0442a8df538f9e4743d459a08f870057f78ec
Author: venyao <ywhzau@gmail.com>
Date:   Tue Dec 31 11:38:05 2019 +0800

    add new keywords for BET1

commit c0db14e9b1f1353afd0f890afb531e477a2c38c8
Author: venyao <ywhzau@gmail.com>
Date:   Tue Dec 31 11:37:57 2019 +0800

    add new keywords for BET1

commit baee32a130333fedeeef7cdfc7c9bd885b4eafbc
Author: venyao <ywhzau@gmail.com>
Date:   Tue Dec 31 11:37:48 2019 +0800

    add new keywords for BET1

commit ba57851dc4a9b57c76b95937d9060ecd952741dc
Author: venyao <ywhzau@gmail.com>
Date:   Tue Dec 31 11:32:55 2019 +0800

    add new keywords for BG3

commit 6b24fa0860911c963ae7c28f7585d081c9a43f26
Author: venyao <ywhzau@gmail.com>
Date:   Tue Dec 31 11:32:43 2019 +0800

    add new keywords for BG3

commit 362ab07f19ae520210f944edf6a37d0661b309b8
Author: venyao <ywhzau@gmail.com>
Date:   Tue Dec 31 11:29:44 2019 +0800

    add new keywords for OsMAX1

commit 5f35ea93f33da28407d433e988f1b2d6febe8c38
Author: venyao <ywhzau@gmail.com>
Date:   Tue Dec 31 11:22:03 2019 +0800

    add new keywords for OsMAX1

commit cef8b33dc2957a245aa398473c39812e50c77fd8
Author: venyao <ywhzau@gmail.com>
Date:   Tue Dec 31 11:18:29 2019 +0800

    add new keywords for SGL1

commit a31a2c8df4aea33b17ec0bdeada08e86d855a405
Author: venyao <ywhzau@gmail.com>
Date:   Tue Dec 31 11:18:12 2019 +0800

    add new keywords for SGL1

commit 2ff79baaec05b28cdd76811ca497150d6ba362d7
Author: venyao <ywhzau@gmail.com>
Date:   Tue Dec 31 11:18:04 2019 +0800

    add new keywords for SGL1

commit 15fbfe54f1d4719a5a83fa9de7bc145464e43594
Author: venyao <ywhzau@gmail.com>
Date:   Tue Dec 31 11:06:21 2019 +0800

    add new keywords for SGL1

commit 432df31caa2006ea437f43861c2b774504a0ee01
Author: venyao <ywhzau@gmail.com>
Date:   Tue Dec 31 10:56:44 2019 +0800

    add new keywords for WOX6

commit 1ec1c130b998f56ed61b681fec46e0e89fc6151c
Author: venyao <ywhzau@gmail.com>
Date:   Tue Dec 31 10:54:43 2019 +0800

    add new keywords for WOX6

commit a50e1c668fa7b5c5a6fc64e3ea8bcb67f5f0872b
Author: venyao <ywhzau@gmail.com>
Date:   Tue Dec 31 10:54:13 2019 +0800

    add new keywords for WOX6

commit 06264d6febfd612895067bae4c116f1254af52ed
Author: venyao <ywhzau@gmail.com>
Date:   Tue Dec 31 10:53:22 2019 +0800

    add new keywords for WOX6

commit 443a0310a3b4adf2a5355ea1491191c1b1ff8a2c
Author: venyao <ywhzau@gmail.com>
Date:   Tue Dec 31 10:52:12 2019 +0800

    add new keywords for Xb3

commit fe43c698a89557d0b96b7e4752062269e4477b81
Author: venyao <ywhzau@gmail.com>
Date:   Tue Dec 31 10:51:16 2019 +0800

    add new keywords for Xb3

commit fc14cafaec79cf2f85cb7d00c026d8734e9f37dd
Author: venyao <ywhzau@gmail.com>
Date:   Tue Dec 31 10:51:06 2019 +0800

    add new keywords for Xb3

commit 4684620eadd0331a5ca612c21c469cab0cd47adb
Author: venyao <ywhzau@gmail.com>
Date:   Tue Dec 31 10:49:11 2019 +0800

    add new keywords for OsTITANIA

commit 12220bf197db202fb747fd2fa31abc96eae54b4c
Author: venyao <ywhzau@gmail.com>
Date:   Tue Dec 31 10:47:47 2019 +0800

    add new keywords for OsTITANIA

commit 1dca2df6b8b812aa38f6da133fcd04bd7334ac38
Author: venyao <ywhzau@gmail.com>
Date:   Tue Dec 31 10:46:24 2019 +0800

    add new keywords for OsTITANIA

commit b0452b19d4bfeab46d391448da1b0d8467296605
Author: venyao <ywhzau@gmail.com>
Date:   Tue Dec 31 10:34:29 2019 +0800

    add new keywords for OsIPMDH

commit 6b29eacac5d91e6b99ca6d1657e55721906ae8ce
Author: venyao <ywhzau@gmail.com>
Date:   Tue Dec 31 10:23:28 2019 +0800

    add new keywords for OsIRX14

commit 2eee112eb2973a8f684f3513f0112a29720a69cb
Author: venyao <ywhzau@gmail.com>
Date:   Tue Dec 31 10:15:02 2019 +0800

    add new keywords for Hb5

commit 03789c055e2ff27860066f4badeae698e8a0513c
Author: venyao <ywhzau@gmail.com>
Date:   Tue Dec 31 10:14:47 2019 +0800

    add new keywords for Hb5

commit b6b41d5a435fd843b05d877830b9f3d975c3b497
Author: venyao <ywhzau@gmail.com>
Date:   Tue Dec 31 10:10:34 2019 +0800

    add new keywords for GLB1

commit 640fcb61342a9190e496dfe7785580de139ba49d
Author: venyao <ywhzau@gmail.com>
Date:   Tue Dec 31 10:09:32 2019 +0800

    add new keywords for GLB1

commit 209808ca6bc1c9c0785ebec3cb61623dcd79c94a
Author: venyao <ywhzau@gmail.com>
Date:   Tue Dec 31 10:05:07 2019 +0800

    add new keywords for GL3.2

commit 87dcfbcfa0a354663be8cc73fc9193a31e5123be
Author: venyao <ywhzau@gmail.com>
Date:   Tue Dec 31 10:04:17 2019 +0800

    add new keywords for GL3.2

commit c200b0ced65eae442560222e8eaab0e1b922778f
Author: venyao <ywhzau@gmail.com>
Date:   Tue Dec 31 10:03:07 2019 +0800

    add new keywords for GL3.2

commit 0990c0e4d9483ff5c9ecf8e816605b7c582bea89
Author: venyao <ywhzau@gmail.com>
Date:   Tue Dec 31 10:02:57 2019 +0800

    add new keywords for GL3.2

commit c00a5794905af43c723184761dc46f0cb0c15415
Author: venyao <ywhzau@gmail.com>
Date:   Tue Dec 31 10:01:40 2019 +0800

    add new keywords for GL3.2

commit 8615852eb9b1dd271d8241da74999f2c25c677f4
Author: venyao <ywhzau@gmail.com>
Date:   Tue Dec 31 10:01:32 2019 +0800

    add new keywords for GL3.2

commit f46a21236b9eae9249eb524b9f064722d46dbc1e
Author: venyao <ywhzau@gmail.com>
Date:   Mon Dec 30 22:30:24 2019 +0800

    add new keywords for LPL2

commit 96911ac13f3997a78cd20a76f081c6f76479165a
Author: venyao <ywhzau@gmail.com>
Date:   Mon Dec 30 22:29:31 2019 +0800

    add new keywords for LPL2

commit 0a6e97e776f8439525f2b1895eda84734a98b3d1
Author: venyao <ywhzau@gmail.com>
Date:   Mon Dec 30 22:28:46 2019 +0800

    add new keywords for LPL2

commit 280691c6ec30f1bec5a1fca0d0aa8ef2d3b4f728
Author: venyao <ywhzau@gmail.com>
Date:   Mon Dec 30 22:28:35 2019 +0800

    add new keywords for LPL2

commit 0754835f655cf98b8dcfba33cc2305a83ddf4aad
Author: venyao <ywhzau@gmail.com>
Date:   Mon Dec 30 22:28:14 2019 +0800

    add new keywords for LPL2

commit 58f49aeb0ec4eded58181701e1bb57e0b9eac998
Author: venyao <ywhzau@gmail.com>
Date:   Mon Dec 30 21:59:40 2019 +0800

    add new keywords for OsFAMA

commit b58ab52dda07de362f4627a9431192fe2feb505b
Author: venyao <ywhzau@gmail.com>
Date:   Mon Dec 30 21:59:09 2019 +0800

    add new keywords for OsFAMA

commit eae027d24bacaf75f57187df4968f4a64f2bf922
Author: venyao <ywhzau@gmail.com>
Date:   Mon Dec 30 21:46:47 2019 +0800

    add new keywords for OsFAMA

commit 90d6a9705573906c86455f8374580a1d59851f2d
Author: venyao <ywhzau@gmail.com>
Date:   Mon Dec 30 21:43:24 2019 +0800

    add new keywords for XB24

commit 99780206e2c507e24bb42cc45a23e694ce9bff89
Author: venyao <ywhzau@gmail.com>
Date:   Mon Dec 30 21:42:46 2019 +0800

    add new keywords for XB24

commit 3df2411d1a993cfc51db0ff63752a51bed6149ee
Author: venyao <ywhzau@gmail.com>
Date:   Mon Dec 30 21:42:38 2019 +0800

    add new keywords for XB24

commit e0ae9840cd711fb9a49404fc973e6c539cb40813
Author: venyao <ywhzau@gmail.com>
Date:   Mon Dec 30 21:42:20 2019 +0800

    add new keywords for XB24

commit af18d43a14d9658d576e719548655381e22e93fa
Author: venyao <ywhzau@gmail.com>
Date:   Mon Dec 30 21:41:41 2019 +0800

    add new keywords for XB24

commit 47f62b236713a5d2ebeb717e362dd9ccf728da95
Author: venyao <ywhzau@gmail.com>
Date:   Mon Dec 30 21:39:53 2019 +0800

    add new keywords for XB24

commit 8411387da52e6f41e5c14b209349b3dfde26660a
Author: venyao <ywhzau@gmail.com>
Date:   Mon Dec 30 21:37:40 2019 +0800

    add new keywords for SAMDC1

commit 2cc29f03abdb705919b911bfff148a46da863a10
Author: venyao <ywhzau@gmail.com>
Date:   Mon Dec 30 21:37:33 2019 +0800

    add new keywords for SAMDC1

commit 621ad326bc9b1621b37777610e31d636a7af16fa
Author: venyao <ywhzau@gmail.com>
Date:   Mon Dec 30 21:37:16 2019 +0800

    add new keywords for SAMDC1

commit 6f1c3127d04a9ec024732470441f027676ba0c57
Author: venyao <ywhzau@gmail.com>
Date:   Mon Dec 30 21:30:52 2019 +0800

    add new keywords for Fd1

commit 1b9800ff165f003ac204fab8619f24369c2f832a
Author: venyao <ywhzau@gmail.com>
Date:   Mon Dec 30 21:30:10 2019 +0800

    add new keywords for Fd1
